  main.cpp
c:\users\evakn\documents\cs4052 computer graphics\lab3\lab1\teapot.h(2980): warning C4838: conversion from 'double' to 'float' requires a narrowing conversion
c:\users\evakn\documents\cs4052 computer graphics\lab3\lab1\teapot.h(2980): warning C4305: 'initializing': truncation from 'double' to 'float'
c:\users\evakn\documents\cs4052 computer graphics\lab3\lab1\teapot.h(5959): warning C4838: conversion from 'double' to 'float' requires a narrowing conversion
c:\users\evakn\documents\cs4052 computer graphics\lab3\lab1\teapot.h(5959): warning C4305: 'initializing': truncation from 'double' to 'float'
c:\users\evakn\documents\cs4052 computer graphics\lab3\lab1\teapot.h(8938): warning C4838: conversion from 'double' to 'float' requires a narrowing conversion
c:\users\evakn\documents\cs4052 computer graphics\lab3\lab1\teapot.h(8938): warning C4305: 'initializing': truncation from 'double' to 'float'
c:\users\evakn\documents\cs4052 computer graphics\lab3\lab1\main.cpp(30): warning C4244: 'initializing': conversion from 'double' to 'int', possible loss of data
c:\users\evakn\documents\cs4052 computer graphics\lab3\lab1\main.cpp(31): warning C4244: 'initializing': conversion from 'double' to 'int', possible loss of data
c:\users\evakn\documents\cs4052 computer graphics\lab3\lab1\main.cpp(143): warning C4244: 'argument': conversion from 'float' to 'GLsizeiptr', possible loss of data
c:\users\evakn\documents\cs4052 computer graphics\lab3\lab1\main.cpp(147): warning C4244: 'argument': conversion from 'float' to 'GLsizeiptr', possible loss of data
c:\users\evakn\documents\cs4052 computer graphics\lab3\lab1\main.cpp(197): warning C4305: 'argument': truncation from 'double' to 'float'
c:\users\evakn\documents\cs4052 computer graphics\lab3\lab1\main.cpp(198): warning C4244: 'argument': conversion from 'DWORD' to 'float', possible loss of data
c:\users\evakn\documents\cs4052 computer graphics\lab3\lab1\main.cpp(199): warning C4244: 'argument': conversion from 'DWORD' to 'float', possible loss of data
c:\users\evakn\documents\cs4052 computer graphics\lab3\lab1\main.cpp(200): warning C4244: 'argument': conversion from 'DWORD' to 'float', possible loss of data
c:\users\evakn\documents\cs4052 computer graphics\lab3\lab1\main.cpp(206): warning C4244: 'argument': conversion from 'float' to 'GLsizei', possible loss of data
c:\users\evakn\documents\cs4052 computer graphics\lab3\lab1\main.cpp(211): warning C4305: 'argument': truncation from 'double' to 'float'
c:\users\evakn\documents\cs4052 computer graphics\lab3\lab1\main.cpp(219): warning C4244: 'argument': conversion from 'float' to 'GLsizei', possible loss of data
c:\users\evakn\documents\cs4052 computer graphics\lab3\lab1\main.cpp(226): warning C4305: 'argument': truncation from 'double' to 'float'
c:\users\evakn\documents\cs4052 computer graphics\lab3\lab1\main.cpp(234): warning C4244: 'argument': conversion from 'float' to 'GLsizei', possible loss of data
c:\users\evakn\documents\cs4052 computer graphics\lab3\lab1\main.cpp(248): warning C4244: 'argument': conversion from 'float' to 'GLsizei', possible loss of data
c:\users\evakn\documents\cs4052 computer graphics\lab3\lab1\main.cpp(259): warning C4244: '=': conversion from 'double' to 'float', possible loss of data
  Lab1.vcxproj -> C:\Users\evakn\Documents\CS4052 Computer Graphics\Lab3\Debug\Lab1.exe
  Lab1.vcxproj -> C:\Users\evakn\Documents\CS4052 Computer Graphics\Lab3\Debug\Lab1.pdb (Partial PDB)
